<?xml version="1.0" encoding="UTF-8"?>
<robot generator="Robot 3.2.2 (Python 3.8.3 on darwin)" generated="20210310 09:13:55.355" rpa="false">
<suite id="s1" name="Login and email" source="/Users/sean.hollen/Desktop/code/WebRobotFramework/robot_files/Login_and_email.robot">
<kw name="Open Browser To Login Page" library="resources" type="setup">
<kw name="Open Browser" library="SeleniumLibrary">
<doc>Opens a new browser instance to the optional ``url``.</doc>
<arguments>
<arg>${LOGIN URL}</arg>
<arg>${BROWSER}</arg>
</arguments>
<msg timestamp="20210310 09:13:55.836" level="INFO">Opening browser 'firefox' to base url 'https://accounts.google.com/signin/v2/identifier?continue=https%3A%2F%2Fmail.google.com%2Fmail%2F&amp;service=mail&amp;sacu=1&amp;rip=1&amp;flowName=GlifWebSignIn&amp;flowEntry=ServiceLogin'.</msg>
<msg timestamp="20210310 09:13:55.839" level="INFO">Firefox driver log is always forced to to: /Users/sean.hollen/Desktop/code/WebRobotFramework/geckodriver-18.log</msg>
<status status="PASS" starttime="20210310 09:13:55.835" endtime="20210310 09:14:00.312"></status>
</kw>
<kw name="Maximize Browser Window" library="SeleniumLibrary">
<doc>Maximizes current browser window.</doc>
<status status="PASS" starttime="20210310 09:14:00.313" endtime="20210310 09:14:00.788"></status>
</kw>
<kw name="Set Selenium Speed" library="SeleniumLibrary">
<doc>Sets the delay that is waited after each Selenium command.</doc>
<arguments>
<arg>${DELAY}</arg>
</arguments>
<status status="PASS" starttime="20210310 09:14:00.788" endtime="20210310 09:14:00.790"></status>
</kw>
<kw name="Login Page Should Be Open" library="resources">
<kw name="Title Should Be" library="SeleniumLibrary">
<doc>Verifies that the current page title equals ``title``.</doc>
<arguments>
<arg>Gmail</arg>
</arguments>
<msg timestamp="20210310 09:14:00.998" level="INFO">Page title is 'Gmail'.</msg>
<status status="PASS" starttime="20210310 09:14:00.791" endtime="20210310 09:14:00.998"></status>
</kw>
<status status="PASS" starttime="20210310 09:14:00.790" endtime="20210310 09:14:00.998"></status>
</kw>
<status status="PASS" starttime="20210310 09:13:55.835" endtime="20210310 09:14:00.999"></status>
</kw>
<test id="s1-t1" name="Valid Login">
<kw name="Login Page Should Be Open" library="resources">
<kw name="Title Should Be" library="SeleniumLibrary">
<doc>Verifies that the current page title equals ``title``.</doc>
<arguments>
<arg>Gmail</arg>
</arguments>
<msg timestamp="20210310 09:14:01.209" level="INFO">Page title is 'Gmail'.</msg>
<status status="PASS" starttime="20210310 09:14:01.002" endtime="20210310 09:14:01.210"></status>
</kw>
<status status="PASS" starttime="20210310 09:14:01.001" endtime="20210310 09:14:01.210"></status>
</kw>
<kw name="Input Username" library="resources">
<arguments>
<arg>${VALID USER}</arg>
</arguments>
<kw name="Input Text" library="SeleniumLibrary">
<doc>Types the given ``text`` into the text field identified by ``locator``.</doc>
<arguments>
<arg>name:identifier</arg>
<arg>${username}</arg>
</arguments>
<msg timestamp="20210310 09:14:01.212" level="INFO">Typing text 'Test12321XXYY' into text field 'name:identifier'.</msg>
<status status="PASS" starttime="20210310 09:14:01.211" endtime="20210310 09:14:01.941"></status>
</kw>
<status status="PASS" starttime="20210310 09:14:01.210" endtime="20210310 09:14:01.941"></status>
</kw>
<kw name="Next Button" library="resources">
<kw name="Click Button" library="SeleniumLibrary">
<doc>Clicks the button identified by ``locator``.</doc>
<arguments>
<arg>class:nCP5yc</arg>
</arguments>
<msg timestamp="20210310 09:14:01.943" level="INFO">Clicking button 'class:nCP5yc'.</msg>
<status status="PASS" starttime="20210310 09:14:01.942" endtime="20210310 09:14:03.236"></status>
</kw>
<status status="PASS" starttime="20210310 09:14:01.942" endtime="20210310 09:14:03.237"></status>
</kw>
<kw name="Input Password" library="resources">
<arguments>
<arg>${VALID PASSWORD}</arg>
</arguments>
<kw name="Wait Until Page Contains Element" library="SeleniumLibrary">
<doc>Waits until the element ``locator`` appears on the current page.</doc>
<arguments>
<arg>name:password</arg>
</arguments>
<status status="PASS" starttime="20210310 09:14:03.238" endtime="20210310 09:14:03.470"></status>
</kw>
<kw name="Input Text" library="SeleniumLibrary">
<doc>Types the given ``text`` into the text field identified by ``locator``.</doc>
<arguments>
<arg>name:password</arg>
<arg>${password}</arg>
</arguments>
<msg timestamp="20210310 09:14:03.471" level="INFO">Typing text 'Test12321#XXYY#' into text field 'name:password'.</msg>
<status status="PASS" starttime="20210310 09:14:03.471" endtime="20210310 09:14:04.281"></status>
</kw>
<status status="PASS" starttime="20210310 09:14:03.237" endtime="20210310 09:14:04.281"></status>
</kw>
<kw name="Next Button" library="resources">
<kw name="Click Button" library="SeleniumLibrary">
<doc>Clicks the button identified by ``locator``.</doc>
<arguments>
<arg>class:nCP5yc</arg>
</arguments>
<msg timestamp="20210310 09:14:04.282" level="INFO">Clicking button 'class:nCP5yc'.</msg>
<status status="PASS" starttime="20210310 09:14:04.282" endtime="20210310 09:14:07.433"></status>
</kw>
<status status="PASS" starttime="20210310 09:14:04.282" endtime="20210310 09:14:07.434"></status>
</kw>
<status status="PASS" starttime="20210310 09:14:00.999" endtime="20210310 09:14:07.434" critical="yes"></status>
</test>
<test id="s1-t2" name="Write Email">
<kw name="Wait Until Page Contains Element" library="SeleniumLibrary">
<doc>Waits until the element ``locator`` appears on the current page.</doc>
<arguments>
<arg>${COMPOSEBUTTON}</arg>
</arguments>
<status status="PASS" starttime="20210310 09:14:07.436" endtime="20210310 09:14:08.979"></status>
</kw>
<kw name="Click Element" library="SeleniumLibrary">
<doc>Click the element identified by ``locator``.</doc>
<arguments>
<arg>${COMPOSEBUTTON}</arg>
</arguments>
<msg timestamp="20210310 09:14:08.979" level="INFO">Clicking element 'xpath://*[@class="oo"]/div/div/div/div'.</msg>
<status status="PASS" starttime="20210310 09:14:08.979" endtime="20210310 09:14:10.252"></status>
</kw>
<kw name="Fill Out Email">
<kw name="Wait Until Element Is Visible" library="SeleniumLibrary">
<doc>Waits until the element ``locator`` is visible.</doc>
<arguments>
<arg>class:vO</arg>
</arguments>
<status status="PASS" starttime="20210310 09:14:10.253" endtime="20210310 09:14:13.153"></status>
</kw>
<kw name="Input Text" library="SeleniumLibrary">
<doc>Types the given ``text`` into the text field identified by ``locator``.</doc>
<arguments>
<arg>class:vO</arg>
<arg>${RECIPIENT}</arg>
</arguments>
<msg timestamp="20210310 09:14:13.154" level="INFO">Typing text 'Test12321XXYY@gmail.com' into text field 'class:vO'.</msg>
<status status="PASS" starttime="20210310 09:14:13.153" endtime="20210310 09:14:14.189"></status>
</kw>
<kw name="Input Text" library="SeleniumLibrary">
<doc>Types the given ``text`` into the text field identified by ``locator``.</doc>
<arguments>
<arg>name:subjectbox</arg>
<arg>${SUBJECT}</arg>
</arguments>
<msg timestamp="20210310 09:14:14.190" level="INFO">Typing text 'Congratulations' into text field 'name:subjectbox'.</msg>
<status status="PASS" starttime="20210310 09:14:14.189" endtime="20210310 09:14:14.872"></status>
</kw>
<kw name="Input Text" library="SeleniumLibrary">
<doc>Types the given ``text`` into the text field identified by ``locator``.</doc>
<arguments>
<arg>class:Am</arg>
<arg>${CONTENTS}</arg>
</arguments>
<msg timestamp="20210310 09:14:14.873" level="INFO">Typing text 'We are pleased to inform you...' into text field 'class:Am'.</msg>
<status status="PASS" starttime="20210310 09:14:14.872" endtime="20210310 09:14:15.679"></status>
</kw>
<status status="PASS" starttime="20210310 09:14:10.252" endtime="20210310 09:14:15.679"></status>
</kw>
<kw name="Wait Until Page Contains Element" library="SeleniumLibrary">
<doc>Waits until the element ``locator`` appears on the current page.</doc>
<arguments>
<arg>${SENDBUTTON}</arg>
</arguments>
<status status="PASS" starttime="20210310 09:14:15.679" endtime="20210310 09:14:15.886"></status>
</kw>
<kw name="Click Element" library="SeleniumLibrary">
<doc>Click the element identified by ``locator``.</doc>
<arguments>
<arg>${SENDBUTTON}</arg>
</arguments>
<msg timestamp="20210310 09:14:15.888" level="INFO">Clicking element 'class:aoO'.</msg>
<status status="PASS" starttime="20210310 09:14:15.887" endtime="20210310 09:14:16.619"></status>
</kw>
<status status="PASS" starttime="20210310 09:14:07.435" endtime="20210310 09:14:16.620" critical="yes"></status>
</test>
<test id="s1-t3" name="Open Email">
<kw name="Wait Until Element Is Visible" library="SeleniumLibrary">
<doc>Waits until the element ``locator`` is visible.</doc>
<arguments>
<arg>${PATHTOEMAIL}</arg>
</arguments>
<status status="PASS" starttime="20210310 09:14:16.622" endtime="20210310 09:14:17.220"></status>
</kw>
<kw name="Scroll Element Into View" library="SeleniumLibrary">
<doc>Scrolls the element identified by ``locator`` into view.</doc>
<arguments>
<arg>${PATHTOEMAIL}</arg>
</arguments>
<status status="PASS" starttime="20210310 09:14:17.220" endtime="20210310 09:14:17.941"></status>
</kw>
<kw name="Click Element" library="SeleniumLibrary">
<doc>Click the element identified by ``locator``.</doc>
<arguments>
<arg>${PATHTOEMAIL}</arg>
</arguments>
<msg timestamp="20210310 09:14:17.942" level="INFO">Clicking element 'xpath://*[contains(@class, 'zA')][1]/td[5]'.</msg>
<status status="PASS" starttime="20210310 09:14:17.942" endtime="20210310 09:14:18.607"></status>
</kw>
<status status="PASS" starttime="20210310 09:14:16.621" endtime="20210310 09:14:18.607" critical="yes"></status>
</test>
<kw name="Close Browser" library="SeleniumLibrary" type="teardown">
<doc>Closes the current browser.</doc>
<status status="PASS" starttime="20210310 09:14:18.609" endtime="20210310 09:14:22.605"></status>
</kw>
<doc>Logs in, composes an email, sends it, clicks on email

Uses keywords in resources file</doc>
<status status="PASS" starttime="20210310 09:13:55.358" endtime="20210310 09:14:22.605"></status>
</suite>
<statistics>
<total>
<stat pass="3" fail="0">Critical Tests</stat>
<stat pass="3" fail="0">All Tests</stat>
</total>
<tag>
</tag>
<suite>
<stat pass="3" fail="0" id="s1" name="Login and email">Login and email</stat>
</suite>
</statistics>
<errors>
</errors>
</robot>
